Using pre-set license
Built from '2022.1/staging' branch; Version is '2022.1.4f1 (76dd1f94b339) revision 7789855'; Using compiler version '192829333'; Build Type 'Release'
OS: 'Windows 10  (10.0.19043) 64bit Education' Language: 'en' Physical Memory: 16330 MB
BatchMode: 1, IsHumanControllingUs: 0, StartBugReporterOnCrash: 0, Is64bit: 1, IsPro: 1

COMMAND LINE ARGUMENTS:
C:\Program Files\Unity\Hub\Editor\2022.1.4f1\Editor\Unity.exe
-adb2
-batchMode
-noUpm
-name
AssetImportWorker0
-projectPath
N:/AgeOfDefense/age-of-defense/AgeOfDefense
-logFile
Logs/AssetImportWorker0.log
-srvPort
58212
Successfully changed project path to: N:/AgeOfDefense/age-of-defense/AgeOfDefense
N:/AgeOfDefense/age-of-defense/AgeOfDefense
[UnityMemory] Configuration Parameters - Can be set up in boot.config
    "memorysetup-bucket-allocator-granularity=16"
    "memorysetup-bucket-allocator-bucket-count=8"
    "memorysetup-bucket-allocator-block-size=33554432"
    "memorysetup-bucket-allocator-block-count=8"
    "memorysetup-main-allocator-block-size=16777216"
    "memorysetup-thread-allocator-block-size=16777216"
    "memorysetup-gfx-main-allocator-block-size=16777216"
    "memorysetup-gfx-thread-allocator-block-size=16777216"
    "memorysetup-cache-allocator-block-size=4194304"
    "memorysetup-typetree-allocator-block-size=2097152"
    "memorysetup-profiler-bucket-allocator-granularity=16"
    "memorysetup-profiler-bucket-allocator-bucket-count=8"
    "memorysetup-profiler-bucket-allocator-block-size=33554432"
    "memorysetup-profiler-bucket-allocator-block-count=8"
    "memorysetup-profiler-allocator-block-size=16777216"
    "memorysetup-profiler-editor-allocator-block-size=1048576"
    "memorysetup-temp-allocator-size-main=16777216"
    "memorysetup-job-temp-allocator-block-size=2097152"
    "memorysetup-job-temp-allocator-block-size-background=1048576"
    "memorysetup-job-temp-allocator-reduction-small-platforms=262144"
    "memorysetup-temp-allocator-size-background-worker=32768"
    "memorysetup-temp-allocator-size-job-worker=262144"
    "memorysetup-temp-allocator-size-preload-manager=33554432"
    "memorysetup-temp-allocator-size-nav-mesh-worker=65536"
    "memorysetup-temp-allocator-size-audio-worker=65536"
    "memorysetup-temp-allocator-size-cloud-worker=32768"
    "memorysetup-temp-allocator-size-gi-baking-worker=262144"
    "memorysetup-temp-allocator-size-gfx=262144"
Refreshing native plugins compatible for Editor in 35.16 ms, found 3 plugins.
Preloading 0 native plugins for Editor in 0.00 ms.
Initialize engine version: 2022.1.4f1 (76dd1f94b339)
[Subsystems] Discovering subsystems at path C:/Program Files/Unity/Hub/Editor/2022.1.4f1/Editor/Data/Resources/UnitySubsystems
[Subsystems] Discovering subsystems at path N:/AgeOfDefense/age-of-defense/AgeOfDefense/Assets
GfxDevice: creating device client; threaded=0; jobified=0
Direct3D:
    Version:  Direct3D 11.0 [level 11.1]
    Renderer: NVIDIA GeForce GTX 1070 Ti (ID=0x1b82)
    Vendor:   NVIDIA
    VRAM:     8079 MB
    Driver:   30.0.14.9649
Initialize mono
Mono path[0] = 'C:/Program Files/Unity/Hub/Editor/2022.1.4f1/Editor/Data/Managed'
Mono path[1] = 'C:/Program Files/Unity/Hub/Editor/2022.1.4f1/Editor/Data/MonoBleedingEdge/lib/mono/unityjit-win32'
Mono config path = 'C:/Program Files/Unity/Hub/Editor/2022.1.4f1/Editor/Data/MonoBleedingEdge/etc'
Using monoOptions --debugger-agent=transport=dt_socket,embedding=1,server=y,suspend=n,address=127.0.0.1:56344
Begin MonoManager ReloadAssembly
Registering precompiled unity dll's ...
Register platform support module: C:/Program Files/Unity/Hub/Editor/2022.1.4f1/Editor/Data/PlaybackEngines/WindowsStandaloneSupport/UnityEditor.WindowsStandalone.Extensions.dll
Registered in 0.009717 seconds.
Native extension for WindowsStandalone target not found
Refreshing native plugins compatible for Editor in 34.36 ms, found 3 plugins.
Preloading 0 native plugins for Editor in 0.00 ms.
Mono: successfully reloaded assembly
- Completed reload, in  0.556 seconds
Domain Reload Profiling:
	ReloadAssembly (556ms)
		BeginReloadAssembly (73ms)
			ExecutionOrderSort (0ms)
			DisableScriptedObjects (0ms)
			BackupInstance (0ms)
			ReleaseScriptingObjects (0ms)
			CreateAndSetChildDomain (1ms)
		EndReloadAssembly (377ms)
			LoadAssemblies (70ms)
			RebuildTransferFunctionScriptingTraits (0ms)
			SetupTypeCache (95ms)
				TypeCache.Initialize (95ms)
					TypeCache.ScanAssembly (93ms)
				ResolveRequiredComponents (0ms)
			ReleaseScriptCaches (0ms)
			RebuildScriptCaches (25ms)
			SetupLoadedEditorAssemblies (208ms)
				LogAssemblyErrors (0ms)
				InitializePlatformSupportModulesInManaged (8ms)
				SetLoadedEditorAssemblies (6ms)
				RefreshPlugins (34ms)
				BeforeProcessingInitializeOnLoad (1ms)
				ProcessInitializeOnLoadAttributes (119ms)
				ProcessInitializeOnLoadMethodAttributes (39ms)
				AfterProcessingInitializeOnLoad (0ms)
				EditorAssembliesLoaded (0ms)
			ExecutionOrderSort2 (0ms)
			AwakeInstancesAfterBackupRestoration (0ms)
Platform modules already initialized, skipping
Registering precompiled user dll's ...
Registered in 0.003347 seconds.
Begin MonoManager ReloadAssembly
Native extension for WindowsStandalone target not found
Refreshing native plugins compatible for Editor in 36.96 ms, found 3 plugins.
Preloading 0 native plugins for Editor in 0.00 ms.
Mono: successfully reloaded assembly
- Completed reload, in  0.932 seconds
Domain Reload Profiling:
	ReloadAssembly (932ms)
		BeginReloadAssembly (134ms)
			ExecutionOrderSort (0ms)
			DisableScriptedObjects (4ms)
			BackupInstance (0ms)
			ReleaseScriptingObjects (0ms)
			CreateAndSetChildDomain (30ms)
		EndReloadAssembly (700ms)
			LoadAssemblies (77ms)
			RebuildTransferFunctionScriptingTraits (0ms)
			SetupTypeCache (180ms)
				TypeCache.Initialize (177ms)
					TypeCache.ScanAssembly (173ms)
				ResolveRequiredComponents (3ms)
			ReleaseScriptCaches (1ms)
			RebuildScriptCaches (39ms)
			SetupLoadedEditorAssemblies (363ms)
				LogAssemblyErrors (0ms)
				InitializePlatformSupportModulesInManaged (5ms)
				SetLoadedEditorAssemblies (6ms)
				RefreshPlugins (37ms)
				BeforeProcessingInitializeOnLoad (65ms)
				ProcessInitializeOnLoadAttributes (204ms)
				ProcessInitializeOnLoadMethodAttributes (34ms)
				AfterProcessingInitializeOnLoad (11ms)
				EditorAssembliesLoaded (0ms)
			ExecutionOrderSort2 (0ms)
			AwakeInstancesAfterBackupRestoration (5ms)
Platform modules already initialized, skipping
========================================================================
Worker process is ready to serve import requests
Launched and connected shader compiler UnityShaderCompiler.exe after 0.05 seconds
Refreshing native plugins compatible for Editor in 0.52 ms, found 3 plugins.
Preloading 0 native plugins for Editor in 0.00 ms.
Unloading 2511 Unused Serialized files (Serialized files now loaded: 0)
Unloading 34 unused Assets / (57.8 KB). Loaded Objects now: 2975.
Memory consumption went from 415.2 MB to 415.2 MB.
Total: 4.068200 ms (FindLiveObjects: 0.225300 ms CreateObjectMapping: 0.066700 ms MarkObjects: 3.685200 ms  DeleteObjects: 0.089900 ms)

AssetImportParameters requested are different than current active one (requested -> active):
  custom:video-decoder-ogg-theora: a1e56fd34408186e4bbccfd4996cb3dc -> 
  custom:container-muxer-webm: aa71ff27fc2769a1b78a27578f13a17b -> 
  custom:container-demuxer-webm: 4f35f7cbe854078d1ac9338744f61a02 -> 
  custom:video-encoder-webm-vp8: eb34c28f22e8b96e1ab97ce403110664 -> 
  custom:audio-encoder-webm-vorbis: bf7c407c2cedff20999df2af8eb42d56 -> 
  custom:framework-win-MediaFoundation: 216162199b28c13a410421893ffa2e32 -> 
  custom:container-demuxer-ogg: 62fdf1f143b41e24485cea50d1cbac27 -> 
  custom:video-decoder-webm-vp8: 9c59270c3fd7afecdb556c50c9e8de78 -> 
  custom:audio-decoder-ogg-vorbis: bf7c407c2cedff20999df2af8eb42d56 -> 
========================================================================
Received Prepare
Registering precompiled user dll's ...
Registered in 0.004735 seconds.
Begin MonoManager ReloadAssembly
Native extension for WindowsStandalone target not found
Refreshing native plugins compatible for Editor in 0.59 ms, found 3 plugins.
Preloading 0 native plugins for Editor in 0.00 ms.
Mono: successfully reloaded assembly
- Completed reload, in  0.868 seconds
Domain Reload Profiling:
	ReloadAssembly (869ms)
		BeginReloadAssembly (128ms)
			ExecutionOrderSort (0ms)
			DisableScriptedObjects (8ms)
			BackupInstance (0ms)
			ReleaseScriptingObjects (0ms)
			CreateAndSetChildDomain (34ms)
		EndReloadAssembly (649ms)
			LoadAssemblies (77ms)
			RebuildTransferFunctionScriptingTraits (0ms)
			SetupTypeCache (185ms)
				TypeCache.Initialize (183ms)
					TypeCache.ScanAssembly (179ms)
				ResolveRequiredComponents (2ms)
			ReleaseScriptCaches (1ms)
			RebuildScriptCaches (34ms)
			SetupLoadedEditorAssemblies (309ms)
				LogAssemblyErrors (0ms)
				InitializePlatformSupportModulesInManaged (14ms)
				SetLoadedEditorAssemblies (7ms)
				RefreshPlugins (1ms)
				BeforeProcessingInitializeOnLoad (55ms)
				ProcessInitializeOnLoadAttributes (189ms)
				ProcessInitializeOnLoadMethodAttributes (32ms)
				AfterProcessingInitializeOnLoad (10ms)
				EditorAssembliesLoaded (0ms)
			ExecutionOrderSort2 (0ms)
			AwakeInstancesAfterBackupRestoration (8ms)
Platform modules already initialized, skipping
Refreshing native plugins compatible for Editor in 1.40 ms, found 3 plugins.
Preloading 0 native plugins for Editor in 0.00 ms.
Unloading 2488 Unused Serialized files (Serialized files now loaded: 0)
Unloading 21 unused Assets / (32.5 KB). Loaded Objects now: 2978.
Memory consumption went from 410.6 MB to 410.6 MB.
Total: 2.679600 ms (FindLiveObjects: 0.166700 ms CreateObjectMapping: 0.079000 ms MarkObjects: 2.412500 ms  DeleteObjects: 0.020500 ms)

AssetImportParameters requested are different than current active one (requested -> active):
  custom:video-decoder-ogg-theora: a1e56fd34408186e4bbccfd4996cb3dc -> 
  custom:container-muxer-webm: aa71ff27fc2769a1b78a27578f13a17b -> 
  custom:container-demuxer-webm: 4f35f7cbe854078d1ac9338744f61a02 -> 
  custom:video-encoder-webm-vp8: eb34c28f22e8b96e1ab97ce403110664 -> 
  custom:audio-encoder-webm-vorbis: bf7c407c2cedff20999df2af8eb42d56 -> 
  custom:framework-win-MediaFoundation: 216162199b28c13a410421893ffa2e32 -> 
  custom:container-demuxer-ogg: 62fdf1f143b41e24485cea50d1cbac27 -> 
  custom:video-decoder-webm-vp8: 9c59270c3fd7afecdb556c50c9e8de78 -> 
  custom:audio-decoder-ogg-vorbis: bf7c407c2cedff20999df2af8eb42d56 -> 
========================================================================
Received Import Request.
  Time since last request: 321398.841179 seconds.
  path: Assets/Buildings/Prehistoric/GoldPump.prefab
  artifactKey: Guid(cf23d5cb1da01d84b97b0d0bb7ef0959) Importer(815301076,1909f56bfc062723c751e8b465ee728b)
Start importing Assets/Buildings/Prehistoric/GoldPump.prefab using Guid(cf23d5cb1da01d84b97b0d0bb7ef0959) Importer(815301076,1909f56bfc062723c751e8b465ee728b)  -> (artifact id: 'a646cff71b92605fdf71e7a1507c0550') in 0.131212 seconds 
========================================================================
Received Import Request.
  Time since last request: 9.065689 seconds.
  path: Assets/Buildings/Prehistoric/RangedHut.prefab
  artifactKey: Guid(623558116e1b1ab478c7c0c88a1b0ecd) Importer(815301076,1909f56bfc062723c751e8b465ee728b)
Start importing Assets/Buildings/Prehistoric/RangedHut.prefab using Guid(623558116e1b1ab478c7c0c88a1b0ecd) Importer(815301076,1909f56bfc062723c751e8b465ee728b)  -> (artifact id: 'cca0a7e2e32adf9f51cde76cae95ebc9') in 0.024290 seconds 
========================================================================
Received Import Request.
  Time since last request: 9.337365 seconds.
  path: Assets/Buildings/Prehistoric/GoldPump.prefab
  artifactKey: Guid(cf23d5cb1da01d84b97b0d0bb7ef0959) Importer(815301076,1909f56bfc062723c751e8b465ee728b)
Start importing Assets/Buildings/Prehistoric/GoldPump.prefab using Guid(cf23d5cb1da01d84b97b0d0bb7ef0959) Importer(815301076,1909f56bfc062723c751e8b465ee728b)  -> (artifact id: 'e4018a5d52616f5f742e04ee7259686f') in 0.021197 seconds 
========================================================================
Received Import Request.
  Time since last request: 5.607142 seconds.
  path: Assets/Buildings/Prehistoric/GoldPump.prefab
  artifactKey: Guid(cf23d5cb1da01d84b97b0d0bb7ef0959) Importer(815301076,1909f56bfc062723c751e8b465ee728b)
Start importing Assets/Buildings/Prehistoric/GoldPump.prefab using Guid(cf23d5cb1da01d84b97b0d0bb7ef0959) Importer(815301076,1909f56bfc062723c751e8b465ee728b)  -> (artifact id: '6adc0d5a51a3e686338b666eec39f42d') in 0.019595 seconds 
========================================================================
Received Import Request.
  Time since last request: 49.173014 seconds.
  path: Assets/Buildings/Prehistoric/GoldPump.prefab
  artifactKey: Guid(cf23d5cb1da01d84b97b0d0bb7ef0959) Importer(815301076,1909f56bfc062723c751e8b465ee728b)
Start importing Assets/Buildings/Prehistoric/GoldPump.prefab using Guid(cf23d5cb1da01d84b97b0d0bb7ef0959) Importer(815301076,1909f56bfc062723c751e8b465ee728b)  -> (artifact id: '2531d6cbc76b14328f20566278ec6775') in 0.020321 seconds 
========================================================================
Received Import Request.
  Time since last request: 2.159904 seconds.
  path: Assets/Buildings/Prehistoric/GoldPump.prefab
  artifactKey: Guid(cf23d5cb1da01d84b97b0d0bb7ef0959) Importer(815301076,1909f56bfc062723c751e8b465ee728b)
Start importing Assets/Buildings/Prehistoric/GoldPump.prefab using Guid(cf23d5cb1da01d84b97b0d0bb7ef0959) Importer(815301076,1909f56bfc062723c751e8b465ee728b)  -> (artifact id: 'd072fcd6b3071d46cc4b4054abf379d1') in 0.017565 seconds 
========================================================================
Received Import Request.
  Time since last request: 0.780245 seconds.
  path: Assets/Buildings/Prehistoric/GoldPump.prefab
  artifactKey: Guid(cf23d5cb1da01d84b97b0d0bb7ef0959) Importer(815301076,1909f56bfc062723c751e8b465ee728b)
Start importing Assets/Buildings/Prehistoric/GoldPump.prefab using Guid(cf23d5cb1da01d84b97b0d0bb7ef0959) Importer(815301076,1909f56bfc062723c751e8b465ee728b)  -> (artifact id: '6d9b82f8535638af25a96a2abe1ee938') in 0.018006 seconds 
========================================================================
Received Import Request.
  Time since last request: 5.220029 seconds.
  path: Assets/Buildings/Prehistoric/GoldPump.prefab
  artifactKey: Guid(cf23d5cb1da01d84b97b0d0bb7ef0959) Importer(815301076,1909f56bfc062723c751e8b465ee728b)
Start importing Assets/Buildings/Prehistoric/GoldPump.prefab using Guid(cf23d5cb1da01d84b97b0d0bb7ef0959) Importer(815301076,1909f56bfc062723c751e8b465ee728b)  -> (artifact id: 'bfe46d956d25d4e1371752e1dbcea9d8') in 0.018891 seconds 
========================================================================
Received Import Request.
  Time since last request: 20.957906 seconds.
  path: Assets/Buildings/Prehistoric/GoldPump.prefab
  artifactKey: Guid(cf23d5cb1da01d84b97b0d0bb7ef0959) Importer(815301076,1909f56bfc062723c751e8b465ee728b)
Start importing Assets/Buildings/Prehistoric/GoldPump.prefab using Guid(cf23d5cb1da01d84b97b0d0bb7ef0959) Importer(815301076,1909f56bfc062723c751e8b465ee728b)  -> (artifact id: '4e51716d67c8ca29cbec0ff1b30aea64') in 0.020264 seconds 
========================================================================
Received Import Request.
  Time since last request: 34.670783 seconds.
  path: Assets/Buildings/Prehistoric/GoldPump.prefab
  artifactKey: Guid(cf23d5cb1da01d84b97b0d0bb7ef0959) Importer(815301076,1909f56bfc062723c751e8b465ee728b)
Start importing Assets/Buildings/Prehistoric/GoldPump.prefab using Guid(cf23d5cb1da01d84b97b0d0bb7ef0959) Importer(815301076,1909f56bfc062723c751e8b465ee728b)  -> (artifact id: '2bdd599420d3e54726fbf8d069309931') in 0.018647 seconds 
========================================================================
Received Import Request.
  Time since last request: 4.235978 seconds.
  path: Assets/Buildings/Prehistoric/GoldPump.prefab
  artifactKey: Guid(cf23d5cb1da01d84b97b0d0bb7ef0959) Importer(815301076,1909f56bfc062723c751e8b465ee728b)
Start importing Assets/Buildings/Prehistoric/GoldPump.prefab using Guid(cf23d5cb1da01d84b97b0d0bb7ef0959) Importer(815301076,1909f56bfc062723c751e8b465ee728b)  -> (artifact id: 'eadce0c7f42236bf0fb20e2ba67ebecd') in 0.020253 seconds 
========================================================================
Received Import Request.
  Time since last request: 1.999671 seconds.
  path: Assets/Buildings/Prehistoric/GoldPump.prefab
  artifactKey: Guid(cf23d5cb1da01d84b97b0d0bb7ef0959) Importer(815301076,1909f56bfc062723c751e8b465ee728b)
Start importing Assets/Buildings/Prehistoric/GoldPump.prefab using Guid(cf23d5cb1da01d84b97b0d0bb7ef0959) Importer(815301076,1909f56bfc062723c751e8b465ee728b)  -> (artifact id: 'a751d69e1efe7bdf8f6328344ff2d958') in 0.022402 seconds 
========================================================================
Received Import Request.
  Time since last request: 9.039335 seconds.
  path: Assets/Buildings/Prehistoric/GoldPump.prefab
  artifactKey: Guid(cf23d5cb1da01d84b97b0d0bb7ef0959) Importer(815301076,1909f56bfc062723c751e8b465ee728b)
Start importing Assets/Buildings/Prehistoric/GoldPump.prefab using Guid(cf23d5cb1da01d84b97b0d0bb7ef0959) Importer(815301076,1909f56bfc062723c751e8b465ee728b)  -> (artifact id: '20a1c8487b2d800dfcb1e98aa578858a') in 0.018561 seconds 
========================================================================
Received Import Request.
  Time since last request: 8.243305 seconds.
  path: Assets/Buildings/Prehistoric/GoldPump.prefab
  artifactKey: Guid(cf23d5cb1da01d84b97b0d0bb7ef0959) Importer(815301076,1909f56bfc062723c751e8b465ee728b)
Start importing Assets/Buildings/Prehistoric/GoldPump.prefab using Guid(cf23d5cb1da01d84b97b0d0bb7ef0959) Importer(815301076,1909f56bfc062723c751e8b465ee728b)  -> (artifact id: '961c2770ca9851dd872a1461cbf77bfd') in 0.018437 seconds 
========================================================================
Received Import Request.
  Time since last request: 6.835526 seconds.
  path: Assets/Buildings/Prehistoric/GoldPump.prefab
  artifactKey: Guid(cf23d5cb1da01d84b97b0d0bb7ef0959) Importer(815301076,1909f56bfc062723c751e8b465ee728b)
Start importing Assets/Buildings/Prehistoric/GoldPump.prefab using Guid(cf23d5cb1da01d84b97b0d0bb7ef0959) Importer(815301076,1909f56bfc062723c751e8b465ee728b)  -> (artifact id: '6680e66556fe1f16b0a0a3ccbd861d8e') in 0.017685 seconds 
========================================================================
Received Import Request.
  Time since last request: 4.606540 seconds.
  path: Assets/Buildings/Prehistoric/GoldPump.prefab
  artifactKey: Guid(cf23d5cb1da01d84b97b0d0bb7ef0959) Importer(815301076,1909f56bfc062723c751e8b465ee728b)
Start importing Assets/Buildings/Prehistoric/GoldPump.prefab using Guid(cf23d5cb1da01d84b97b0d0bb7ef0959) Importer(815301076,1909f56bfc062723c751e8b465ee728b)  -> (artifact id: 'b73f3a974effbe79721721eabaaaed68') in 0.023384 seconds 
========================================================================
Received Import Request.
  Time since last request: 3.603953 seconds.
  path: Assets/Buildings/Prehistoric/GoldPump.prefab
  artifactKey: Guid(cf23d5cb1da01d84b97b0d0bb7ef0959) Importer(815301076,1909f56bfc062723c751e8b465ee728b)
Start importing Assets/Buildings/Prehistoric/GoldPump.prefab using Guid(cf23d5cb1da01d84b97b0d0bb7ef0959) Importer(815301076,1909f56bfc062723c751e8b465ee728b)  -> (artifact id: '543ea455300cfc5524130b940fef62e0') in 0.018094 seconds 
========================================================================
Received Import Request.
  Time since last request: 3.806419 seconds.
  path: Assets/Buildings/Prehistoric/GoldPump.prefab
  artifactKey: Guid(cf23d5cb1da01d84b97b0d0bb7ef0959) Importer(815301076,1909f56bfc062723c751e8b465ee728b)
Start importing Assets/Buildings/Prehistoric/GoldPump.prefab using Guid(cf23d5cb1da01d84b97b0d0bb7ef0959) Importer(815301076,1909f56bfc062723c751e8b465ee728b)  -> (artifact id: 'ed399e19d85ac1526ff05df52d902700') in 0.019103 seconds 
========================================================================
Received Import Request.
  Time since last request: 4.198208 seconds.
  path: Assets/Buildings/Prehistoric/GoldPump.prefab
  artifactKey: Guid(cf23d5cb1da01d84b97b0d0bb7ef0959) Importer(815301076,1909f56bfc062723c751e8b465ee728b)
Start importing Assets/Buildings/Prehistoric/GoldPump.prefab using Guid(cf23d5cb1da01d84b97b0d0bb7ef0959) Importer(815301076,1909f56bfc062723c751e8b465ee728b)  -> (artifact id: '86899953b4a0277154edb5032841f9d0') in 0.018291 seconds 
========================================================================
Received Import Request.
  Time since last request: 1.596425 seconds.
  path: Assets/Buildings/Prehistoric/GoldPump.prefab
  artifactKey: Guid(cf23d5cb1da01d84b97b0d0bb7ef0959) Importer(815301076,1909f56bfc062723c751e8b465ee728b)
Start importing Assets/Buildings/Prehistoric/GoldPump.prefab using Guid(cf23d5cb1da01d84b97b0d0bb7ef0959) Importer(815301076,1909f56bfc062723c751e8b465ee728b)  -> (artifact id: '3125110179103949fa98407363b68333') in 0.018612 seconds 
========================================================================
Received Import Request.
  Time since last request: 8.806887 seconds.
  path: Assets/Buildings/Prehistoric/GoldPump.prefab
  artifactKey: Guid(cf23d5cb1da01d84b97b0d0bb7ef0959) Importer(815301076,1909f56bfc062723c751e8b465ee728b)
Start importing Assets/Buildings/Prehistoric/GoldPump.prefab using Guid(cf23d5cb1da01d84b97b0d0bb7ef0959) Importer(815301076,1909f56bfc062723c751e8b465ee728b)  -> (artifact id: '2857200713459058de49108d1e9b2cbd') in 0.018400 seconds 
========================================================================
Received Import Request.
  Time since last request: 5.602861 seconds.
  path: Assets/Buildings/Prehistoric/GoldPump.prefab
  artifactKey: Guid(cf23d5cb1da01d84b97b0d0bb7ef0959) Importer(815301076,1909f56bfc062723c751e8b465ee728b)
Start importing Assets/Buildings/Prehistoric/GoldPump.prefab using Guid(cf23d5cb1da01d84b97b0d0bb7ef0959) Importer(815301076,1909f56bfc062723c751e8b465ee728b)  -> (artifact id: '5d9af5b6653b9e71fc0ced50f2fc7091') in 0.017871 seconds 
========================================================================
Received Import Request.
  Time since last request: 39.501852 seconds.
  path: Assets/Buildings/Prehistoric/GoldPump.prefab
  artifactKey: Guid(cf23d5cb1da01d84b97b0d0bb7ef0959) Importer(815301076,1909f56bfc062723c751e8b465ee728b)
Start importing Assets/Buildings/Prehistoric/GoldPump.prefab using Guid(cf23d5cb1da01d84b97b0d0bb7ef0959) Importer(815301076,1909f56bfc062723c751e8b465ee728b)  -> (artifact id: '8c4531f67534231db0162298fcec53b3') in 0.019977 seconds 
========================================================================
Received Import Request.
  Time since last request: 1.220768 seconds.
  path: Assets/Buildings/Prehistoric/GoldPump.prefab
  artifactKey: Guid(cf23d5cb1da01d84b97b0d0bb7ef0959) Importer(815301076,1909f56bfc062723c751e8b465ee728b)
Start importing Assets/Buildings/Prehistoric/GoldPump.prefab using Guid(cf23d5cb1da01d84b97b0d0bb7ef0959) Importer(815301076,1909f56bfc062723c751e8b465ee728b)  -> (artifact id: '44637415b9b5a08afb1c335e7e76e597') in 0.019351 seconds 
========================================================================
Received Import Request.
  Time since last request: 2.015493 seconds.
  path: Assets/Buildings/Prehistoric/WoodChipper.prefab
  artifactKey: Guid(8b0428746d125354a984b6cb2731f23c) Importer(815301076,1909f56bfc062723c751e8b465ee728b)
Start importing Assets/Buildings/Prehistoric/WoodChipper.prefab using Guid(8b0428746d125354a984b6cb2731f23c) Importer(815301076,1909f56bfc062723c751e8b465ee728b)  -> (artifact id: 'bd1737d99920368ac655695332dff727') in 0.006138 seconds 
========================================================================
Received Import Request.
  Time since last request: 1.046036 seconds.
  path: Assets/Buildings/Prehistoric/WoodChipper.prefab
  artifactKey: Guid(8b0428746d125354a984b6cb2731f23c) Importer(815301076,1909f56bfc062723c751e8b465ee728b)
Start importing Assets/Buildings/Prehistoric/WoodChipper.prefab using Guid(8b0428746d125354a984b6cb2731f23c) Importer(815301076,1909f56bfc062723c751e8b465ee728b)  -> (artifact id: '8ae12255fe8a9a593ae9a38a4e552a24') in 0.007418 seconds 
========================================================================
Received Import Request.
  Time since last request: 36.045844 seconds.
  path: Assets/Buildings/Prehistoric/GoldPump.prefab
  artifactKey: Guid(cf23d5cb1da01d84b97b0d0bb7ef0959) Importer(815301076,1909f56bfc062723c751e8b465ee728b)
Start importing Assets/Buildings/Prehistoric/GoldPump.prefab using Guid(cf23d5cb1da01d84b97b0d0bb7ef0959) Importer(815301076,1909f56bfc062723c751e8b465ee728b)  -> (artifact id: '6b875476cf5eb8baf430ea87a4406c91') in 0.020300 seconds 
========================================================================
Received Import Request.
  Time since last request: 11.041151 seconds.
  path: Assets/Buildings/Prehistoric/GoldPump.prefab
  artifactKey: Guid(cf23d5cb1da01d84b97b0d0bb7ef0959) Importer(815301076,1909f56bfc062723c751e8b465ee728b)
Start importing Assets/Buildings/Prehistoric/GoldPump.prefab using Guid(cf23d5cb1da01d84b97b0d0bb7ef0959) Importer(815301076,1909f56bfc062723c751e8b465ee728b)  -> (artifact id: '47158809d6bacd8a216bffa02bc1db8c') in 0.019855 seconds 
========================================================================
Received Import Request.
  Time since last request: 11.259946 seconds.
  path: Assets/Buildings/Prehistoric/GoldPump.prefab
  artifactKey: Guid(cf23d5cb1da01d84b97b0d0bb7ef0959) Importer(815301076,1909f56bfc062723c751e8b465ee728b)
Start importing Assets/Buildings/Prehistoric/GoldPump.prefab using Guid(cf23d5cb1da01d84b97b0d0bb7ef0959) Importer(815301076,1909f56bfc062723c751e8b465ee728b)  -> (artifact id: 'ad22496ff6e5a69e49eb5dfc060e133d') in 0.018236 seconds 
========================================================================
Received Import Request.
  Time since last request: 3.995135 seconds.
  path: Assets/Buildings/Prehistoric/GoldPump.prefab
  artifactKey: Guid(cf23d5cb1da01d84b97b0d0bb7ef0959) Importer(815301076,1909f56bfc062723c751e8b465ee728b)
Start importing Assets/Buildings/Prehistoric/GoldPump.prefab using Guid(cf23d5cb1da01d84b97b0d0bb7ef0959) Importer(815301076,1909f56bfc062723c751e8b465ee728b)  -> (artifact id: '126c58e62e007ee38de8407206dc7654') in 0.018625 seconds 
========================================================================
Received Import Request.
  Time since last request: 4.013609 seconds.
  path: Assets/Buildings/Prehistoric/GoldPump.prefab
  artifactKey: Guid(cf23d5cb1da01d84b97b0d0bb7ef0959) Importer(815301076,1909f56bfc062723c751e8b465ee728b)
Start importing Assets/Buildings/Prehistoric/GoldPump.prefab using Guid(cf23d5cb1da01d84b97b0d0bb7ef0959) Importer(815301076,1909f56bfc062723c751e8b465ee728b)  -> (artifact id: 'd5083ab13f68330f72b7cae964033804') in 0.018001 seconds 
========================================================================
Received Import Request.
  Time since last request: 33.847735 seconds.
  path: Assets/Buildings/Prehistoric/GoldPump.prefab
  artifactKey: Guid(cf23d5cb1da01d84b97b0d0bb7ef0959) Importer(815301076,1909f56bfc062723c751e8b465ee728b)
Start importing Assets/Buildings/Prehistoric/GoldPump.prefab using Guid(cf23d5cb1da01d84b97b0d0bb7ef0959) Importer(815301076,1909f56bfc062723c751e8b465ee728b)  -> (artifact id: '1e10b7481432936bcedc81cfba029944') in 0.018986 seconds 
========================================================================
Received Import Request.
  Time since last request: 3.800810 seconds.
  path: Assets/Buildings/Prehistoric/GoldPump.prefab
  artifactKey: Guid(cf23d5cb1da01d84b97b0d0bb7ef0959) Importer(815301076,1909f56bfc062723c751e8b465ee728b)
Start importing Assets/Buildings/Prehistoric/GoldPump.prefab using Guid(cf23d5cb1da01d84b97b0d0bb7ef0959) Importer(815301076,1909f56bfc062723c751e8b465ee728b)  -> (artifact id: '4a1d3981c863b26b5d18d4c53638f991') in 0.018496 seconds 
========================================================================
Received Import Request.
  Time since last request: 2.394448 seconds.
  path: Assets/Buildings/Prehistoric/GoldPump.prefab
  artifactKey: Guid(cf23d5cb1da01d84b97b0d0bb7ef0959) Importer(815301076,1909f56bfc062723c751e8b465ee728b)
Start importing Assets/Buildings/Prehistoric/GoldPump.prefab using Guid(cf23d5cb1da01d84b97b0d0bb7ef0959) Importer(815301076,1909f56bfc062723c751e8b465ee728b)  -> (artifact id: '85558c04ad4b6f93ffe02c01d384fae2') in 0.019039 seconds 
========================================================================
Received Import Request.
  Time since last request: 4.614870 seconds.
  path: Assets/Buildings/Prehistoric/GoldPump.prefab
  artifactKey: Guid(cf23d5cb1da01d84b97b0d0bb7ef0959) Importer(815301076,1909f56bfc062723c751e8b465ee728b)
Start importing Assets/Buildings/Prehistoric/GoldPump.prefab using Guid(cf23d5cb1da01d84b97b0d0bb7ef0959) Importer(815301076,1909f56bfc062723c751e8b465ee728b)  -> (artifact id: '742869ca1ed4fe4c375ef5c6b0424223') in 0.019225 seconds 
========================================================================
Received Import Request.
  Time since last request: 1.172057 seconds.
  path: Assets/Buildings/Prehistoric/GoldPump.prefab
  artifactKey: Guid(cf23d5cb1da01d84b97b0d0bb7ef0959) Importer(815301076,1909f56bfc062723c751e8b465ee728b)
Start importing Assets/Buildings/Prehistoric/GoldPump.prefab using Guid(cf23d5cb1da01d84b97b0d0bb7ef0959) Importer(815301076,1909f56bfc062723c751e8b465ee728b)  -> (artifact id: '8e8e1898f81fedf0629d1ecbf69d9946') in 0.017715 seconds 
========================================================================
Received Import Request.
  Time since last request: 2.999795 seconds.
  path: Assets/Buildings/Prehistoric/GoldPump.prefab
  artifactKey: Guid(cf23d5cb1da01d84b97b0d0bb7ef0959) Importer(815301076,1909f56bfc062723c751e8b465ee728b)
Start importing Assets/Buildings/Prehistoric/GoldPump.prefab using Guid(cf23d5cb1da01d84b97b0d0bb7ef0959) Importer(815301076,1909f56bfc062723c751e8b465ee728b)  -> (artifact id: '77d1bac3647336af3c17e0b6b84f8297') in 0.021665 seconds 
========================================================================
Received Import Request.
  Time since last request: 2.190645 seconds.
  path: Assets/Buildings/Prehistoric/GoldPump.prefab
  artifactKey: Guid(cf23d5cb1da01d84b97b0d0bb7ef0959) Importer(815301076,1909f56bfc062723c751e8b465ee728b)
Start importing Assets/Buildings/Prehistoric/GoldPump.prefab using Guid(cf23d5cb1da01d84b97b0d0bb7ef0959) Importer(815301076,1909f56bfc062723c751e8b465ee728b)  -> (artifact id: '33c77db054e968384a3f69ecc03cc2a5') in 0.018812 seconds 
========================================================================
Received Import Request.
  Time since last request: 5.400449 seconds.
  path: Assets/Buildings/Prehistoric/GoldPump.prefab
  artifactKey: Guid(cf23d5cb1da01d84b97b0d0bb7ef0959) Importer(815301076,1909f56bfc062723c751e8b465ee728b)
Start importing Assets/Buildings/Prehistoric/GoldPump.prefab using Guid(cf23d5cb1da01d84b97b0d0bb7ef0959) Importer(815301076,1909f56bfc062723c751e8b465ee728b)  -> (artifact id: '9322c082ee498d28214283def7ae60c4') in 0.018785 seconds 
========================================================================
Received Import Request.
  Time since last request: 11.069152 seconds.
  path: Assets/Buildings/Prehistoric/WoodChipper.prefab
  artifactKey: Guid(8b0428746d125354a984b6cb2731f23c) Importer(815301076,1909f56bfc062723c751e8b465ee728b)
Start importing Assets/Buildings/Prehistoric/WoodChipper.prefab using Guid(8b0428746d125354a984b6cb2731f23c) Importer(815301076,1909f56bfc062723c751e8b465ee728b)  -> (artifact id: '83a302e829dc2019457efb593d4755c0') in 0.007108 seconds 
========================================================================
Received Import Request.
  Time since last request: 1.046067 seconds.
  path: Assets/Buildings/Prehistoric/WoodChipper.prefab
  artifactKey: Guid(8b0428746d125354a984b6cb2731f23c) Importer(815301076,1909f56bfc062723c751e8b465ee728b)
Start importing Assets/Buildings/Prehistoric/WoodChipper.prefab using Guid(8b0428746d125354a984b6cb2731f23c) Importer(815301076,1909f56bfc062723c751e8b465ee728b)  -> (artifact id: '14213b8439b73913a882e5b09066f4f0') in 0.007041 seconds 
========================================================================
Received Import Request.
  Time since last request: 12.124092 seconds.
  path: Assets/Buildings/Prehistoric/WoodChipper.prefab
  artifactKey: Guid(8b0428746d125354a984b6cb2731f23c) Importer(815301076,1909f56bfc062723c751e8b465ee728b)
Start importing Assets/Buildings/Prehistoric/WoodChipper.prefab using Guid(8b0428746d125354a984b6cb2731f23c) Importer(815301076,1909f56bfc062723c751e8b465ee728b)  -> (artifact id: '400fdd88df65bccc3d446df7ffc29a17') in 0.006481 seconds 
========================================================================
Received Import Request.
  Time since last request: 12.283269 seconds.
  path: Assets/Buildings/Prehistoric/GoldPump.prefab
  artifactKey: Guid(cf23d5cb1da01d84b97b0d0bb7ef0959) Importer(815301076,1909f56bfc062723c751e8b465ee728b)
Start importing Assets/Buildings/Prehistoric/GoldPump.prefab using Guid(cf23d5cb1da01d84b97b0d0bb7ef0959) Importer(815301076,1909f56bfc062723c751e8b465ee728b)  -> (artifact id: 'e7aabe9d2d49141a601a013138e70a7b') in 0.021406 seconds 
========================================================================
Received Import Request.
  Time since last request: 236.021551 seconds.
  path: Assets/Buildings/Prehistoric/GoldPump.prefab
  artifactKey: Guid(cf23d5cb1da01d84b97b0d0bb7ef0959) Importer(815301076,1909f56bfc062723c751e8b465ee728b)
Start importing Assets/Buildings/Prehistoric/GoldPump.prefab using Guid(cf23d5cb1da01d84b97b0d0bb7ef0959) Importer(815301076,1909f56bfc062723c751e8b465ee728b)  -> (artifact id: '02712b257af60cd3b65293d7d759a0cc') in 0.023992 seconds 
========================================================================
Received Prepare
Registering precompiled user dll's ...
Registered in 0.004324 seconds.
Begin MonoManager ReloadAssembly
Native extension for WindowsStandalone target not found
Refreshing native plugins compatible for Editor in 0.61 ms, found 3 plugins.
Preloading 0 native plugins for Editor in 0.00 ms.
Mono: successfully reloaded assembly
- Completed reload, in  0.805 seconds
Domain Reload Profiling:
	ReloadAssembly (805ms)
		BeginReloadAssembly (124ms)
			ExecutionOrderSort (0ms)
			DisableScriptedObjects (6ms)
			BackupInstance (0ms)
			ReleaseScriptingObjects (0ms)
			CreateAndSetChildDomain (37ms)
		EndReloadAssembly (602ms)
			LoadAssemblies (72ms)
			RebuildTransferFunctionScriptingTraits (0ms)
			SetupTypeCache (161ms)
				TypeCache.Initialize (156ms)
					TypeCache.ScanAssembly (150ms)
				ResolveRequiredComponents (5ms)
			ReleaseScriptCaches (1ms)
			RebuildScriptCaches (41ms)
			SetupLoadedEditorAssemblies (273ms)
				LogAssemblyErrors (0ms)
				InitializePlatformSupportModulesInManaged (11ms)
				SetLoadedEditorAssemblies (5ms)
				RefreshPlugins (1ms)
				BeforeProcessingInitializeOnLoad (46ms)
				ProcessInitializeOnLoadAttributes (173ms)
				ProcessInitializeOnLoadMethodAttributes (30ms)
				AfterProcessingInitializeOnLoad (8ms)
				EditorAssembliesLoaded (0ms)
			ExecutionOrderSort2 (0ms)
			AwakeInstancesAfterBackupRestoration (6ms)
Platform modules already initialized, skipping
Refreshing native plugins compatible for Editor in 1.49 ms, found 3 plugins.
Preloading 0 native plugins for Editor in 0.00 ms.
Unloading 2487 Unused Serialized files (Serialized files now loaded: 0)
Unloading 29 unused Assets / (29.9 KB). Loaded Objects now: 2989.
Memory consumption went from 414.5 MB to 414.4 MB.
Total: 3.191400 ms (FindLiveObjects: 0.200000 ms CreateObjectMapping: 0.058500 ms MarkObjects: 2.843300 ms  DeleteObjects: 0.088600 ms)

AssetImportParameters requested are different than current active one (requested -> active):
  custom:video-decoder-ogg-theora: a1e56fd34408186e4bbccfd4996cb3dc -> 
  custom:container-muxer-webm: aa71ff27fc2769a1b78a27578f13a17b -> 
  custom:container-demuxer-webm: 4f35f7cbe854078d1ac9338744f61a02 -> 
  custom:video-encoder-webm-vp8: eb34c28f22e8b96e1ab97ce403110664 -> 
  custom:audio-encoder-webm-vorbis: bf7c407c2cedff20999df2af8eb42d56 -> 
  custom:framework-win-MediaFoundation: 216162199b28c13a410421893ffa2e32 -> 
  custom:container-demuxer-ogg: 62fdf1f143b41e24485cea50d1cbac27 -> 
  custom:video-decoder-webm-vp8: 9c59270c3fd7afecdb556c50c9e8de78 -> 
  custom:audio-decoder-ogg-vorbis: bf7c407c2cedff20999df2af8eb42d56 -> 
========================================================================
Received Prepare
Registering precompiled user dll's ...
Registered in 0.003931 seconds.
Begin MonoManager ReloadAssembly
Native extension for WindowsStandalone target not found
Refreshing native plugins compatible for Editor in 0.74 ms, found 3 plugins.
Preloading 0 native plugins for Editor in 0.00 ms.
Mono: successfully reloaded assembly
- Completed reload, in  0.897 seconds
Domain Reload Profiling:
	ReloadAssembly (897ms)
		BeginReloadAssembly (119ms)
			ExecutionOrderSort (0ms)
			DisableScriptedObjects (8ms)
			BackupInstance (0ms)
			ReleaseScriptingObjects (0ms)
			CreateAndSetChildDomain (33ms)
		EndReloadAssembly (677ms)
			LoadAssemblies (70ms)
			RebuildTransferFunctionScriptingTraits (0ms)
			SetupTypeCache (177ms)
				TypeCache.Initialize (174ms)
					TypeCache.ScanAssembly (170ms)
				ResolveRequiredComponents (3ms)
			ReleaseScriptCaches (1ms)
			RebuildScriptCaches (41ms)
			SetupLoadedEditorAssemblies (332ms)
				LogAssemblyErrors (0ms)
				InitializePlatformSupportModulesInManaged (13ms)
				SetLoadedEditorAssemblies (6ms)
				RefreshPlugins (1ms)
				BeforeProcessingInitializeOnLoad (57ms)
				ProcessInitializeOnLoadAttributes (206ms)
				ProcessInitializeOnLoadMethodAttributes (37ms)
				AfterProcessingInitializeOnLoad (11ms)
				EditorAssembliesLoaded (0ms)
			ExecutionOrderSort2 (0ms)
			AwakeInstancesAfterBackupRestoration (8ms)
Platform modules already initialized, skipping
Refreshing native plugins compatible for Editor in 1.57 ms, found 3 plugins.
Preloading 0 native plugins for Editor in 0.00 ms.
Unloading 2488 Unused Serialized files (Serialized files now loaded: 0)
Unloading 21 unused Assets / (32.5 KB). Loaded Objects now: 2992.
Memory consumption went from 414.7 MB to 414.7 MB.
Total: 3.265400 ms (FindLiveObjects: 0.191900 ms CreateObjectMapping: 0.056900 ms MarkObjects: 2.999300 ms  DeleteObjects: 0.016600 ms)

AssetImportParameters requested are different than current active one (requested -> active):
  custom:video-decoder-ogg-theora: a1e56fd34408186e4bbccfd4996cb3dc -> 
  custom:container-muxer-webm: aa71ff27fc2769a1b78a27578f13a17b -> 
  custom:container-demuxer-webm: 4f35f7cbe854078d1ac9338744f61a02 -> 
  custom:video-encoder-webm-vp8: eb34c28f22e8b96e1ab97ce403110664 -> 
  custom:audio-encoder-webm-vorbis: bf7c407c2cedff20999df2af8eb42d56 -> 
  custom:framework-win-MediaFoundation: 216162199b28c13a410421893ffa2e32 -> 
  custom:container-demuxer-ogg: 62fdf1f143b41e24485cea50d1cbac27 -> 
  custom:video-decoder-webm-vp8: 9c59270c3fd7afecdb556c50c9e8de78 -> 
  custom:audio-decoder-ogg-vorbis: bf7c407c2cedff20999df2af8eb42d56 -> 
========================================================================
Received Import Request.
  Time since last request: 37.207184 seconds.
  path: Assets/Buildings/Prehistoric/GoldPump.prefab
  artifactKey: Guid(cf23d5cb1da01d84b97b0d0bb7ef0959) Importer(815301076,1909f56bfc062723c751e8b465ee728b)
Start importing Assets/Buildings/Prehistoric/GoldPump.prefab using Guid(cf23d5cb1da01d84b97b0d0bb7ef0959) Importer(815301076,1909f56bfc062723c751e8b465ee728b)  -> (artifact id: '595fad57c97aae0833b92514e3af113d') in 0.077890 seconds 
========================================================================
Received Import Request.
  Time since last request: 10.007792 seconds.
  path: Assets/Buildings/Prehistoric/GoldPump.prefab
  artifactKey: Guid(cf23d5cb1da01d84b97b0d0bb7ef0959) Importer(815301076,1909f56bfc062723c751e8b465ee728b)
Start importing Assets/Buildings/Prehistoric/GoldPump.prefab using Guid(cf23d5cb1da01d84b97b0d0bb7ef0959) Importer(815301076,1909f56bfc062723c751e8b465ee728b)  -> (artifact id: '17fe789b8d65ce7c4ef46e5a535ea5c4') in 0.020064 seconds 
========================================================================
Received Import Request.
  Time since last request: 5.260487 seconds.
  path: Assets/Buildings/Prehistoric/GoldPump.prefab
  artifactKey: Guid(cf23d5cb1da01d84b97b0d0bb7ef0959) Importer(815301076,1909f56bfc062723c751e8b465ee728b)
Start importing Assets/Buildings/Prehistoric/GoldPump.prefab using Guid(cf23d5cb1da01d84b97b0d0bb7ef0959) Importer(815301076,1909f56bfc062723c751e8b465ee728b)  -> (artifact id: '8c48dcb5c4a577e9407f9eb347ee8e24') in 0.019105 seconds 
========================================================================
Received Import Request.
  Time since last request: 11.261760 seconds.
  path: Assets/Buildings/Prehistoric/GoldPump.prefab
  artifactKey: Guid(cf23d5cb1da01d84b97b0d0bb7ef0959) Importer(815301076,1909f56bfc062723c751e8b465ee728b)
Start importing Assets/Buildings/Prehistoric/GoldPump.prefab using Guid(cf23d5cb1da01d84b97b0d0bb7ef0959) Importer(815301076,1909f56bfc062723c751e8b465ee728b)  -> (artifact id: 'b18017879f7ae05f986ffb54432da9ce') in 0.020003 seconds 
========================================================================
Received Import Request.
  Time since last request: 5.606424 seconds.
  path: Assets/Buildings/Prehistoric/GoldPump.prefab
  artifactKey: Guid(cf23d5cb1da01d84b97b0d0bb7ef0959) Importer(815301076,1909f56bfc062723c751e8b465ee728b)
Start importing Assets/Buildings/Prehistoric/GoldPump.prefab using Guid(cf23d5cb1da01d84b97b0d0bb7ef0959) Importer(815301076,1909f56bfc062723c751e8b465ee728b)  -> (artifact id: 'c04c6e296a8cb9e2dfb387d0e8eda3ca') in 0.019981 seconds 
========================================================================
Received Import Request.
  Time since last request: 9.891287 seconds.
  path: Assets/Buildings/Prehistoric/GoldPump.prefab
  artifactKey: Guid(cf23d5cb1da01d84b97b0d0bb7ef0959) Importer(815301076,1909f56bfc062723c751e8b465ee728b)
Start importing Assets/Buildings/Prehistoric/GoldPump.prefab using Guid(cf23d5cb1da01d84b97b0d0bb7ef0959) Importer(815301076,1909f56bfc062723c751e8b465ee728b)  -> (artifact id: '10a1449b385eba92df5ee93c19648821') in 0.022442 seconds 
========================================================================
Received Import Request.
  Time since last request: 1.096577 seconds.
  path: Packages/com.unity.2d.sprite/Editor/ObjectMenuCreation/DefaultAssets/Textures/v2/9Sliced.png
  artifactKey: Guid(8884154dfe85442a3a3578be807dbcdf) Importer(815301076,1909f56bfc062723c751e8b465ee728b)
Start importing Packages/com.unity.2d.sprite/Editor/ObjectMenuCreation/DefaultAssets/Textures/v2/9Sliced.png using Guid(8884154dfe85442a3a3578be807dbcdf) Importer(815301076,1909f56bfc062723c751e8b465ee728b)  -> (artifact id: '0ecdb886adbc86654e8823c3d39a1f9a') in 0.076629 seconds 
========================================================================
Received Import Request.
  Time since last request: 0.000024 seconds.
  path: Packages/com.unity.2d.sprite/Editor/ObjectMenuCreation/DefaultAssets/Textures/v2/Square.png
  artifactKey: Guid(311925a002f4447b3a28927169b83ea6) Importer(815301076,1909f56bfc062723c751e8b465ee728b)
Start importing Packages/com.unity.2d.sprite/Editor/ObjectMenuCreation/DefaultAssets/Textures/v2/Square.png using Guid(311925a002f4447b3a28927169b83ea6) Importer(815301076,1909f56bfc062723c751e8b465ee728b)  -> (artifact id: '56ede245d8bfce84a6abe4792c0c57dc') in 0.016004 seconds 
========================================================================
Received Import Request.
  Time since last request: 0.000018 seconds.
  path: Packages/com.unity.2d.sprite/Editor/ObjectMenuCreation/DefaultAssets/Textures/v2/HexagonPointedTop.png
  artifactKey: Guid(5aa8b770bc43046bc8d993d0d5b7f4a5) Importer(815301076,1909f56bfc062723c751e8b465ee728b)
Start importing Packages/com.unity.2d.sprite/Editor/ObjectMenuCreation/DefaultAssets/Textures/v2/HexagonPointedTop.png using Guid(5aa8b770bc43046bc8d993d0d5b7f4a5) Importer(815301076,1909f56bfc062723c751e8b465ee728b)  -> (artifact id: '62461882e402327ef56cfbcd05bcbad4') in 0.015609 seconds 
========================================================================
Received Import Request.
  Time since last request: 0.000017 seconds.
  path: Packages/com.unity.2d.sprite/Editor/ObjectMenuCreation/DefaultAssets/Textures/v2/HexagonFlatTop.png
  artifactKey: Guid(b670ab75dde984907b8570040daa08c5) Importer(815301076,1909f56bfc062723c751e8b465ee728b)
Start importing Packages/com.unity.2d.sprite/Editor/ObjectMenuCreation/DefaultAssets/Textures/v2/HexagonFlatTop.png using Guid(b670ab75dde984907b8570040daa08c5) Importer(815301076,1909f56bfc062723c751e8b465ee728b)  -> (artifact id: 'bb91f22f87f840887aed0df95c08da72') in 0.015163 seconds 
Editor requested this worker to shutdown with reason: Scaling down because of idle timeout
AssetImportWorker is now disconnected from the server
Process exiting
Exiting without the bug reporter. Application will terminate with return code 0